2020-08-28 11:58:25,477 - spam_application - DEBUG - Запустили программу
2020-08-28 11:58:28,344 - spam_application - DEBUG - Обнаружено лицо на фото .\people\Anna\1.jpg
2020-08-28 11:58:30,978 - spam_application - DEBUG - Обнаружено лицо на фото .\people\Anna\2.jpg
2020-08-28 11:58:51,935 - spam_application - DEBUG - Обнаружено лицо на фото .\people\Me\1.JPG
2020-08-28 11:58:52,824 - spam_application - DEBUG - Обнаружено лицо на фото .\people\Me\2.jpg
2020-08-28 11:58:53,745 - spam_application - DEBUG - Обнаружено лицо на фото .\people\Me\3.jpg
2020-08-28 11:58:55,067 - spam_application - DEBUG - Обнаружено лицо на фото .\people\Me\4.jpg
2020-08-28 11:58:56,257 - spam_application - DEBUG - Обнаружено лицо на фото .\people\Me\5.jpg
2020-08-28 11:58:57,140 - spam_application - DEBUG - Обнаружено лицо на фото .\people\Me\6.jpg
2020-08-28 11:58:58,122 - spam_application - DEBUG - Обнаружено лицо на фото .\people\Me\7.jpg
2020-08-28 11:58:59,192 - spam_application - DEBUG - Обнаружено лицо на фото .\people\Me\8.jpg
2020-08-28 11:59:00,389 - spam_application - DEBUG - Обнаружено лицо на фото .\people\Putin\1.jpg
2020-08-28 11:59:01,093 - spam_application - DEBUG - Обнаружено лицо на фото .\people\Putin\2.jpg
2020-08-28 11:59:02,278 - spam_application - DEBUG - Обнаружено лицо на фото .\people\Putin\3.jpeg
2020-08-28 11:59:03,164 - spam_application - DEBUG - Обнаружено лицо на фото .\people\Putin\3.jpg
2020-08-28 11:59:03,902 - spam_application - DEBUG - Обнаружено лицо на фото .\people\Putin\4.jpg
2020-08-28 11:59:04,753 - spam_application - DEBUG - Обнаружено лицо на фото .\people\Putin\4.png
2020-08-28 11:59:05,343 - spam_application - DEBUG - Обнаружено лицо на фото .\people\Putin\5.jfif
2020-08-28 11:59:05,991 - spam_application - DEBUG - Обнаружено лицо на фото .\people\Putin\6.jpeg
2020-08-28 11:59:05,991 - spam_application - DEBUG - Обработали изображения с лицами
2020-08-28 11:59:06,273 - spam_application - DEBUG - Считали кадр видео
2020-08-28 11:59:06,273 - spam_application - DEBUG - Ищем лица
2020-08-28 11:59:06,764 - spam_application - DEBUG - Нашли лицо
2020-08-28 11:59:07,479 - spam_application - DEBUG - Ищем совпадения с предоставленными лицами
2020-08-28 11:59:07,498 - spam_application - DEBUG - Считали кадр видео
2020-08-28 11:59:07,498 - spam_application - DEBUG - Ищем лица
2020-08-28 11:59:08,044 - spam_application - DEBUG - Нашли лицо
2020-08-28 11:59:08,677 - spam_application - DEBUG - Ищем совпадения с предоставленными лицами
2020-08-28 11:59:08,679 - spam_application - DEBUG - Считали кадр видео
2020-08-28 11:59:08,679 - spam_application - DEBUG - Ищем лица
2020-08-28 11:59:09,232 - spam_application - DEBUG - Нашли лицо
2020-08-28 11:59:09,907 - spam_application - DEBUG - Ищем совпадения с предоставленными лицами
2020-08-28 11:59:09,909 - spam_application - DEBUG - Считали кадр видео
2020-08-28 11:59:09,909 - spam_application - DEBUG - Ищем лица
2020-08-28 11:59:10,440 - spam_application - DEBUG - Нашли лицо
2020-08-28 11:59:11,076 - spam_application - DEBUG - Ищем совпадения с предоставленными лицами
2020-08-28 11:59:11,076 - spam_application - DEBUG - Нашли совпадение: Me
2020-08-28 11:59:11,077 - spam_application - DEBUG - Нашли совпадение: Me
2020-08-28 11:59:11,079 - spam_application - DEBUG - Считали кадр видео
2020-08-28 11:59:11,079 - spam_application - DEBUG - Ищем лица
2020-08-28 11:59:11,643 - spam_application - DEBUG - Нашли лицо
2020-08-28 11:59:12,216 - spam_application - DEBUG - Ищем совпадения с предоставленными лицами
2020-08-28 11:59:12,217 - spam_application - DEBUG - Нашли совпадение: Me
2020-08-28 11:59:12,217 - spam_application - DEBUG - Нашли совпадение: Me
2020-08-28 11:59:12,219 - spam_application - DEBUG - Считали кадр видео
2020-08-28 11:59:12,219 - spam_application - DEBUG - Ищем лица
2020-08-28 11:59:12,697 - spam_application - DEBUG - Нашли лицо
2020-08-28 11:59:13,285 - spam_application - DEBUG - Ищем совпадения с предоставленными лицами
2020-08-28 11:59:13,286 - spam_application - DEBUG - Нашли совпадение: Me
2020-08-28 11:59:13,286 - spam_application - DEBUG - Нашли совпадение: Me
2020-08-28 11:59:13,288 - spam_application - DEBUG - Считали кадр видео
2020-08-28 11:59:13,288 - spam_application - DEBUG - Ищем лица
2020-08-28 11:59:13,768 - spam_application - DEBUG - Нашли лицо
2020-08-28 11:59:14,358 - spam_application - DEBUG - Ищем совпадения с предоставленными лицами
2020-08-28 11:59:14,358 - spam_application - DEBUG - Нашли совпадение: Me
2020-08-28 11:59:14,358 - spam_application - DEBUG - Нашли совпадение: Me
2020-08-28 11:59:14,358 - spam_application - DEBUG - Нашли совпадение: Me
2020-08-28 11:59:14,360 - spam_application - DEBUG - Считали кадр видео
2020-08-28 11:59:14,360 - spam_application - DEBUG - Ищем лица
2020-08-28 11:59:14,858 - spam_application - DEBUG - Нашли лицо
2020-08-28 11:59:15,489 - spam_application - DEBUG - Ищем совпадения с предоставленными лицами
2020-08-28 11:59:15,489 - spam_application - DEBUG - Нашли совпадение: Me
2020-08-28 11:59:15,489 - spam_application - DEBUG - Нашли совпадение: Me
2020-08-28 11:59:15,489 - spam_application - DEBUG - Нашли совпадение: Me
2020-08-28 11:59:15,499 - spam_application - DEBUG - Считали кадр видео
2020-08-28 11:59:15,499 - spam_application - DEBUG - Ищем лица
2020-08-28 11:59:16,067 - spam_application - DEBUG - Нашли лицо
2020-08-28 11:59:16,634 - spam_application - DEBUG - Ищем совпадения с предоставленными лицами
2020-08-28 11:59:16,634 - spam_application - DEBUG - Нашли совпадение: Me
2020-08-28 11:59:16,636 - spam_application - INFO - Нажали q для выхода
2020-08-28 12:08:14,051 - spam_application - INFO - Нажали q для выхода
Нажали q для выхода
2020-08-28 12:14:31,126 - spam_application - DEBUG - Запустили программу
2020-08-28 12:14:33,928 - spam_application - DEBUG - Обнаружено лицо на фото .\people\Anna\1.jpg
2020-08-28 12:14:36,858 - spam_application - DEBUG - Обнаружено лицо на фото .\people\Anna\2.jpg
2020-08-28 12:15:05,542 - spam_application - DEBUG - Обнаружено лицо на фото .\people\Me\1.JPG
2020-08-28 12:15:07,031 - spam_application - DEBUG - Обнаружено лицо на фото .\people\Me\2.jpg
2020-08-28 12:15:08,525 - spam_application - DEBUG - Обнаружено лицо на фото .\people\Me\3.jpg
2020-08-28 12:15:10,601 - spam_application - DEBUG - Обнаружено лицо на фото .\people\Me\4.jpg
2020-08-28 12:15:12,455 - spam_application - DEBUG - Обнаружено лицо на фото .\people\Me\5.jpg
2020-08-28 12:15:13,842 - spam_application - DEBUG - Обнаружено лицо на фото .\people\Me\6.jpg
2020-08-28 12:15:15,407 - spam_application - DEBUG - Обнаружено лицо на фото .\people\Me\7.jpg
2020-08-28 12:15:17,036 - spam_application - DEBUG - Обнаружено лицо на фото .\people\Me\8.jpg
2020-08-28 12:15:18,849 - spam_application - DEBUG - Обнаружено лицо на фото .\people\Putin\1.jpg
2020-08-28 12:15:19,956 - spam_application - DEBUG - Обнаружено лицо на фото .\people\Putin\2.jpg
2020-08-28 12:15:21,802 - spam_application - DEBUG - Обнаружено лицо на фото .\people\Putin\3.jpeg
2020-08-28 12:15:23,206 - spam_application - DEBUG - Обнаружено лицо на фото .\people\Putin\3.jpg
2020-08-28 12:15:24,384 - spam_application - DEBUG - Обнаружено лицо на фото .\people\Putin\4.jpg
2020-08-28 12:15:25,751 - spam_application - DEBUG - Обнаружено лицо на фото .\people\Putin\4.png
2020-08-28 12:15:26,700 - spam_application - DEBUG - Обнаружено лицо на фото .\people\Putin\5.jfif
2020-08-28 12:15:27,685 - spam_application - DEBUG - Обнаружено лицо на фото .\people\Putin\6.jpeg
2020-08-28 12:15:27,685 - spam_application - DEBUG - Обработали изображения с лицами
2020-08-28 12:15:27,969 - spam_application - DEBUG - Считали кадр видео
2020-08-28 12:15:27,969 - spam_application - DEBUG - Ищем лица
2020-08-28 12:15:28,687 - spam_application - DEBUG - Считали кадр видео
2020-08-28 12:15:28,687 - spam_application - DEBUG - Ищем лица
2020-08-28 12:15:29,418 - spam_application - DEBUG - Нашли лицо
2020-08-28 12:15:30,363 - spam_application - DEBUG - Ищем совпадения с предоставленными лицами
2020-08-28 12:15:30,367 - spam_application - DEBUG - Считали кадр видео
2020-08-28 12:15:30,367 - spam_application - DEBUG - Ищем лица
2020-08-28 12:15:31,072 - spam_application - DEBUG - Нашли лицо
2020-08-28 12:15:32,036 - spam_application - DEBUG - Ищем совпадения с предоставленными лицами
2020-08-28 12:15:32,039 - spam_application - DEBUG - Считали кадр видео
2020-08-28 12:15:32,039 - spam_application - DEBUG - Ищем лица
2020-08-28 12:15:32,753 - spam_application - DEBUG - Нашли лицо
2020-08-28 12:15:33,679 - spam_application - DEBUG - Ищем совпадения с предоставленными лицами
2020-08-28 12:15:33,683 - spam_application - DEBUG - Считали кадр видео
2020-08-28 12:15:33,683 - spam_application - DEBUG - Ищем лица
2020-08-28 12:15:34,383 - spam_application - DEBUG - Нашли лицо
2020-08-28 12:15:35,408 - spam_application - DEBUG - Ищем совпадения с предоставленными лицами
2020-08-28 12:15:35,410 - spam_application - DEBUG - Считали кадр видео
2020-08-28 12:15:35,414 - spam_application - DEBUG - Ищем лица
2020-08-28 12:15:36,132 - spam_application - DEBUG - Нашли лицо
2020-08-28 12:15:37,271 - spam_application - DEBUG - Ищем совпадения с предоставленными лицами
2020-08-28 12:15:37,276 - spam_application - DEBUG - Считали кадр видео
2020-08-28 12:15:37,277 - spam_application - DEBUG - Ищем лица
2020-08-28 12:15:38,070 - spam_application - DEBUG - Нашли лицо
2020-08-28 12:15:39,058 - spam_application - DEBUG - Ищем совпадения с предоставленными лицами
2020-08-28 12:15:39,062 - spam_application - DEBUG - Считали кадр видео
2020-08-28 12:15:39,063 - spam_application - DEBUG - Ищем лица
2020-08-28 12:15:39,919 - spam_application - DEBUG - Нашли лицо
2020-08-28 12:15:40,923 - spam_application - DEBUG - Ищем совпадения с предоставленными лицами
2020-08-28 12:15:40,925 - spam_application - DEBUG - Считали кадр видео
2020-08-28 12:15:40,926 - spam_application - DEBUG - Ищем лица
2020-08-28 12:15:41,679 - spam_application - DEBUG - Нашли лицо
2020-08-28 12:15:42,787 - spam_application - DEBUG - Ищем совпадения с предоставленными лицами
2020-08-28 12:15:42,789 - spam_application - DEBUG - Считали кадр видео
2020-08-28 12:15:42,790 - spam_application - DEBUG - Ищем лица
2020-08-28 12:15:43,567 - spam_application - DEBUG - Нашли лицо
2020-08-28 12:15:44,584 - spam_application - DEBUG - Ищем совпадения с предоставленными лицами
2020-08-28 12:15:44,586 - spam_application - DEBUG - Считали кадр видео
2020-08-28 12:15:44,587 - spam_application - DEBUG - Ищем лица
2020-08-28 12:15:45,419 - spam_application - DEBUG - Нашли лицо
2020-08-28 12:15:46,501 - spam_application - DEBUG - Ищем совпадения с предоставленными лицами
2020-08-28 12:15:46,504 - spam_application - DEBUG - Считали кадр видео
2020-08-28 12:15:46,505 - spam_application - DEBUG - Ищем лица
2020-08-28 12:15:47,244 - spam_application - DEBUG - Нашли лицо
2020-08-28 12:15:48,233 - spam_application - DEBUG - Ищем совпадения с предоставленными лицами
2020-08-28 12:15:48,236 - spam_application - DEBUG - Считали кадр видео
2020-08-28 12:15:48,236 - spam_application - DEBUG - Ищем лица
2020-08-28 12:15:48,983 - spam_application - DEBUG - Нашли лицо
2020-08-28 12:15:49,900 - spam_application - DEBUG - Ищем совпадения с предоставленными лицами
2020-08-28 12:15:49,903 - spam_application - DEBUG - Считали кадр видео
2020-08-28 12:15:49,903 - spam_application - DEBUG - Ищем лица
2020-08-28 12:15:50,659 - spam_application - DEBUG - Нашли лицо
2020-08-28 12:15:51,800 - spam_application - DEBUG - Ищем совпадения с предоставленными лицами
2020-08-28 12:15:51,803 - spam_application - DEBUG - Считали кадр видео
2020-08-28 12:15:51,803 - spam_application - DEBUG - Ищем лица
2020-08-28 12:15:52,569 - spam_application - DEBUG - Нашли лицо
2020-08-28 12:15:53,722 - spam_application - DEBUG - Ищем совпадения с предоставленными лицами
2020-08-28 12:15:53,725 - spam_application - DEBUG - Считали кадр видео
2020-08-28 12:15:53,725 - spam_application - DEBUG - Ищем лица
2020-08-28 12:15:54,439 - spam_application - DEBUG - Нашли лицо
2020-08-28 12:15:55,482 - spam_application - DEBUG - Ищем совпадения с предоставленными лицами
2020-08-28 12:15:55,486 - spam_application - DEBUG - Считали кадр видео
2020-08-28 12:15:55,486 - spam_application - DEBUG - Ищем лица
2020-08-28 12:15:56,234 - spam_application - DEBUG - Нашли лицо
2020-08-28 12:15:57,304 - spam_application - DEBUG - Ищем совпадения с предоставленными лицами
2020-08-28 12:15:57,308 - spam_application - DEBUG - Считали кадр видео
2020-08-28 12:15:57,308 - spam_application - DEBUG - Ищем лица
2020-08-28 12:15:58,089 - spam_application - DEBUG - Нашли лицо
2020-08-28 12:15:59,108 - spam_application - DEBUG - Ищем совпадения с предоставленными лицами
2020-08-28 12:15:59,111 - spam_application - DEBUG - Считали кадр видео
2020-08-28 12:15:59,111 - spam_application - DEBUG - Ищем лица
2020-08-28 12:15:59,919 - spam_application - DEBUG - Нашли лицо
2020-08-28 12:16:01,213 - spam_application - DEBUG - Ищем совпадения с предоставленными лицами
2020-08-28 12:16:01,216 - spam_application - DEBUG - Считали кадр видео
2020-08-28 12:16:01,217 - spam_application - DEBUG - Ищем лица
2020-08-28 12:16:02,103 - spam_application - DEBUG - Нашли лицо
2020-08-28 12:16:03,397 - spam_application - DEBUG - Ищем совпадения с предоставленными лицами
2020-08-28 12:16:03,401 - spam_application - DEBUG - Считали кадр видео
2020-08-28 12:16:03,401 - spam_application - DEBUG - Ищем лица
2020-08-28 12:16:04,287 - spam_application - DEBUG - Нашли лицо
2020-08-28 12:16:05,397 - spam_application - DEBUG - Ищем совпадения с предоставленными лицами
2020-08-28 12:16:05,400 - spam_application - DEBUG - Считали кадр видео
2020-08-28 12:16:05,401 - spam_application - DEBUG - Ищем лица
2020-08-28 12:16:06,106 - spam_application - DEBUG - Нашли лицо
2020-08-28 12:16:07,274 - spam_application - DEBUG - Ищем совпадения с предоставленными лицами
2020-08-28 12:16:07,281 - spam_application - DEBUG - Считали кадр видео
2020-08-28 12:16:07,282 - spam_application - DEBUG - Ищем лица
2020-08-28 12:16:08,107 - spam_application - DEBUG - Нашли лицо
2020-08-28 12:16:09,359 - spam_application - DEBUG - Ищем совпадения с предоставленными лицами
2020-08-28 12:16:09,367 - spam_application - DEBUG - Считали кадр видео
2020-08-28 12:16:09,368 - spam_application - DEBUG - Ищем лица
2020-08-28 12:16:10,249 - spam_application - DEBUG - Нашли лицо
2020-08-28 12:16:11,383 - spam_application - DEBUG - Ищем совпадения с предоставленными лицами
2020-08-28 12:16:11,397 - spam_application - DEBUG - Считали кадр видео
2020-08-28 12:16:11,398 - spam_application - DEBUG - Ищем лица
2020-08-28 12:16:12,168 - spam_application - DEBUG - Нашли лицо
2020-08-28 12:16:13,478 - spam_application - DEBUG - Ищем совпадения с предоставленными лицами
2020-08-28 12:16:13,478 - spam_application - DEBUG - Нашли совпадение: Me
2020-08-28 12:16:13,478 - spam_application - DEBUG - Нашли совпадение: Me
2020-08-28 12:16:13,480 - spam_application - DEBUG - Считали кадр видео
2020-08-28 12:16:13,481 - spam_application - DEBUG - Ищем лица
2020-08-28 12:16:14,622 - spam_application - DEBUG - Нашли лицо
2020-08-28 12:16:15,774 - spam_application - DEBUG - Ищем совпадения с предоставленными лицами
2020-08-28 12:16:15,775 - spam_application - DEBUG - Нашли совпадение: Me
2020-08-28 12:16:15,777 - spam_application - DEBUG - Считали кадр видео
2020-08-28 12:16:15,777 - spam_application - DEBUG - Ищем лица
2020-08-28 12:16:16,533 - spam_application - DEBUG - Считали кадр видео
2020-08-28 12:16:16,534 - spam_application - DEBUG - Ищем лица
2020-08-28 12:16:17,315 - spam_application - DEBUG - Считали кадр видео
2020-08-28 12:16:17,315 - spam_application - DEBUG - Ищем лица
2020-08-28 12:16:17,991 - spam_application - DEBUG - Считали кадр видео
2020-08-28 12:16:17,991 - spam_application - DEBUG - Ищем лица
2020-08-28 12:16:18,664 - spam_application - DEBUG - Считали кадр видео
2020-08-28 12:16:18,664 - spam_application - DEBUG - Ищем лица
2020-08-28 12:16:19,307 - spam_application - DEBUG - Считали кадр видео
2020-08-28 12:16:19,307 - spam_application - DEBUG - Ищем лица
2020-08-28 12:16:19,961 - spam_application - DEBUG - Считали кадр видео
2020-08-28 12:16:19,961 - spam_application - DEBUG - Ищем лица
2020-08-28 12:16:20,659 - spam_application - DEBUG - Считали кадр видео
2020-08-28 12:16:20,660 - spam_application - DEBUG - Ищем лица
2020-08-28 12:16:21,317 - spam_application - DEBUG - Считали кадр видео
2020-08-28 12:16:21,318 - spam_application - DEBUG - Ищем лица
2020-08-28 12:16:21,966 - spam_application - DEBUG - Считали кадр видео
2020-08-28 12:16:21,966 - spam_application - DEBUG - Ищем лица
2020-08-28 12:16:22,666 - spam_application - DEBUG - Считали кадр видео
2020-08-28 12:16:22,667 - spam_application - DEBUG - Ищем лица
2020-08-28 12:16:23,335 - spam_application - DEBUG - Нашли лицо
2020-08-28 12:16:24,326 - spam_application - DEBUG - Ищем совпадения с предоставленными лицами
2020-08-28 12:16:24,329 - spam_application - DEBUG - Считали кадр видео
2020-08-28 12:16:24,329 - spam_application - DEBUG - Ищем лица
2020-08-28 12:19:03,184 - spam_application - DEBUG - Запустили программу
2020-08-28 12:19:08,288 - spam_application - DEBUG - Обнаружено лицо на фото .\people\Anna\1.jpg
2020-08-28 12:19:11,593 - spam_application - DEBUG - Обнаружено лицо на фото .\people\Anna\2.jpg
2020-08-28 12:19:44,183 - spam_application - DEBUG - Обнаружено лицо на фото .\people\Me\1.JPG
2020-08-28 12:19:45,888 - spam_application - DEBUG - Обнаружено лицо на фото .\people\Me\2.jpg
2020-08-28 12:19:47,366 - spam_application - DEBUG - Обнаружено лицо на фото .\people\Me\3.jpg
2020-08-28 12:19:49,456 - spam_application - DEBUG - Обнаружено лицо на фото .\people\Me\4.jpg
2020-08-28 12:19:51,312 - spam_application - DEBUG - Обнаружено лицо на фото .\people\Me\5.jpg
2020-08-28 12:19:52,667 - spam_application - DEBUG - Обнаружено лицо на фото .\people\Me\6.jpg
2020-08-28 12:19:54,267 - spam_application - DEBUG - Обнаружено лицо на фото .\people\Me\7.jpg
2020-08-28 12:19:55,929 - spam_application - DEBUG - Обнаружено лицо на фото .\people\Me\8.jpg
2020-08-28 12:19:57,736 - spam_application - DEBUG - Обнаружено лицо на фото .\people\Putin\1.jpg
2020-08-28 12:19:58,846 - spam_application - DEBUG - Обнаружено лицо на фото .\people\Putin\2.jpg
2020-08-28 12:20:00,685 - spam_application - DEBUG - Обнаружено лицо на фото .\people\Putin\3.jpeg
2020-08-28 12:20:02,096 - spam_application - DEBUG - Обнаружено лицо на фото .\people\Putin\3.jpg
2020-08-28 12:20:03,143 - spam_application - DEBUG - Обнаружено лицо на фото .\people\Putin\4.jpg
2020-08-28 12:20:04,291 - spam_application - DEBUG - Обнаружено лицо на фото .\people\Putin\4.png
2020-08-28 12:20:05,112 - spam_application - DEBUG - Обнаружено лицо на фото .\people\Putin\5.jfif
2020-08-28 12:20:06,042 - spam_application - DEBUG - Обнаружено лицо на фото .\people\Putin\6.jpeg
2020-08-28 12:20:06,043 - spam_application - DEBUG - Обработали изображения с лицами
2020-08-28 12:20:06,326 - spam_application - DEBUG - Считали кадр видео
2020-08-28 12:20:06,326 - spam_application - DEBUG - Ищем лица
2020-08-28 12:20:06,983 - spam_application - DEBUG - Считали кадр видео
2020-08-28 12:20:06,983 - spam_application - DEBUG - Ищем лица
2020-08-28 12:20:07,616 - spam_application - DEBUG - Считали кадр видео
2020-08-28 12:20:07,616 - spam_application - DEBUG - Ищем лица
2020-08-28 12:20:08,201 - spam_application - DEBUG - Считали кадр видео
2020-08-28 12:20:08,201 - spam_application - DEBUG - Ищем лица
2020-08-28 12:20:08,799 - spam_application - DEBUG - Считали кадр видео
2020-08-28 12:20:08,799 - spam_application - DEBUG - Ищем лица
2020-08-28 12:20:09,391 - spam_application - DEBUG - Нашли лицо
2020-08-28 12:20:10,147 - spam_application - DEBUG - Ищем совпадения с предоставленными лицами
2020-08-28 12:20:10,149 - spam_application - DEBUG - Считали кадр видео
2020-08-28 12:20:10,150 - spam_application - DEBUG - Ищем лица
2020-08-28 12:20:10,730 - spam_application - DEBUG - Нашли лицо
2020-08-28 12:20:11,473 - spam_application - DEBUG - Ищем совпадения с предоставленными лицами
2020-08-28 12:20:11,476 - spam_application - DEBUG - Считали кадр видео
2020-08-28 12:20:11,477 - spam_application - DEBUG - Ищем лица
2020-08-28 12:20:12,086 - spam_application - DEBUG - Нашли лицо
2020-08-28 12:20:12,912 - spam_application - DEBUG - Ищем совпадения с предоставленными лицами
2020-08-28 12:20:12,916 - spam_application - DEBUG - Считали кадр видео
2020-08-28 12:20:12,916 - spam_application - DEBUG - Ищем лица
2020-08-28 12:20:13,530 - spam_application - DEBUG - Нашли лицо
2020-08-28 12:20:14,399 - spam_application - DEBUG - Ищем совпадения с предоставленными лицами
2020-08-28 12:20:14,415 - spam_application - DEBUG - Считали кадр видео
2020-08-28 12:20:14,416 - spam_application - DEBUG - Ищем лица
2020-08-28 12:20:15,054 - spam_application - DEBUG - Нашли лицо
2020-08-28 12:20:15,828 - spam_application - DEBUG - Ищем совпадения с предоставленными лицами
2020-08-28 12:20:15,832 - spam_application - DEBUG - Считали кадр видео
2020-08-28 12:20:15,833 - spam_application - DEBUG - Ищем лица
2020-08-28 12:20:16,454 - spam_application - DEBUG - Нашли лицо
2020-08-28 12:20:17,222 - spam_application - DEBUG - Ищем совпадения с предоставленными лицами
2020-08-28 12:20:17,224 - spam_application - DEBUG - Считали кадр видео
2020-08-28 12:20:17,224 - spam_application - DEBUG - Ищем лица
2020-08-28 12:20:17,891 - spam_application - DEBUG - Нашли лицо
2020-08-28 12:20:19,012 - spam_application - DEBUG - Ищем совпадения с предоставленными лицами
2020-08-28 12:20:19,022 - spam_application - INFO - Нажали q для выхода
2020-08-28 12:23:24,056 - spam_application - DEBUG - Запустили программу
2020-08-28 12:23:27,177 - spam_application - DEBUG - Обнаружено лицо на фото .\people\Anna\1.jpg
2020-08-28 12:23:29,150 - spam_application - DEBUG - Обнаружено лицо на фото .\people\Anna\2.jpg
2020-08-28 12:23:49,753 - spam_application - DEBUG - Обнаружено лицо на фото .\people\Me\1.JPG
2020-08-28 12:23:50,646 - spam_application - DEBUG - Обнаружено лицо на фото .\people\Me\2.jpg
2020-08-28 12:23:51,612 - spam_application - DEBUG - Обнаружено лицо на фото .\people\Me\3.jpg
2020-08-28 12:23:52,973 - spam_application - DEBUG - Обнаружено лицо на фото .\people\Me\4.jpg
2020-08-28 12:23:54,215 - spam_application - DEBUG - Обнаружено лицо на фото .\people\Me\5.jpg
2020-08-28 12:23:55,143 - spam_application - DEBUG - Обнаружено лицо на фото .\people\Me\6.jpg
2020-08-28 12:23:56,171 - spam_application - DEBUG - Обнаружено лицо на фото .\people\Me\7.jpg
2020-08-28 12:23:57,252 - spam_application - DEBUG - Обнаружено лицо на фото .\people\Me\8.jpg
2020-08-28 12:23:58,465 - spam_application - DEBUG - Обнаружено лицо на фото .\people\Putin\1.jpg
2020-08-28 12:23:59,168 - spam_application - DEBUG - Обнаружено лицо на фото .\people\Putin\2.jpg
2020-08-28 12:24:00,431 - spam_application - DEBUG - Обнаружено лицо на фото .\people\Putin\3.jpeg
2020-08-28 12:24:01,340 - spam_application - DEBUG - Обнаружено лицо на фото .\people\Putin\3.jpg
2020-08-28 12:24:02,094 - spam_application - DEBUG - Обнаружено лицо на фото .\people\Putin\4.jpg
2020-08-28 12:24:02,981 - spam_application - DEBUG - Обнаружено лицо на фото .\people\Putin\4.png
2020-08-28 12:24:03,581 - spam_application - DEBUG - Обнаружено лицо на фото .\people\Putin\5.jfif
2020-08-28 12:24:04,220 - spam_application - DEBUG - Обнаружено лицо на фото .\people\Putin\6.jpeg
2020-08-28 12:24:04,221 - spam_application - DEBUG - Обработали изображения с лицами
2020-08-28 12:24:04,504 - spam_application - DEBUG - Считали кадр видео
2020-08-28 12:24:04,504 - spam_application - DEBUG - Ищем лица
2020-08-28 12:24:04,989 - spam_application - DEBUG - Считали кадр видео
2020-08-28 12:24:04,989 - spam_application - DEBUG - Ищем лица
2020-08-28 12:24:05,501 - spam_application - DEBUG - Считали кадр видео
2020-08-28 12:24:05,501 - spam_application - DEBUG - Ищем лица
2020-08-28 12:24:05,992 - spam_application - DEBUG - Считали кадр видео
2020-08-28 12:24:05,993 - spam_application - DEBUG - Ищем лица
2020-08-28 12:24:06,479 - spam_application - DEBUG - Считали кадр видео
2020-08-28 12:24:06,479 - spam_application - DEBUG - Ищем лица
2020-08-28 12:24:06,968 - spam_application - DEBUG - Считали кадр видео
2020-08-28 12:24:06,968 - spam_application - DEBUG - Ищем лица
2020-08-28 12:24:07,439 - spam_application - DEBUG - Считали кадр видео
2020-08-28 12:24:07,439 - spam_application - DEBUG - Ищем лица
2020-08-28 12:24:07,911 - spam_application - DEBUG - Считали кадр видео
2020-08-28 12:24:07,911 - spam_application - DEBUG - Ищем лица
2020-08-28 12:24:08,395 - spam_application - DEBUG - Считали кадр видео
2020-08-28 12:24:08,395 - spam_application - DEBUG - Ищем лица
2020-08-28 12:24:08,881 - spam_application - DEBUG - Обвели красным прямоугольником
2020-08-28 12:24:08,882 - spam_application - DEBUG - Нашли лицо
2020-08-28 12:24:09,470 - spam_application - DEBUG - Ищем совпадения с предоставленными лицами
2020-08-28 12:24:09,472 - spam_application - DEBUG - Считали кадр видео
2020-08-28 12:24:09,472 - spam_application - DEBUG - Ищем лица
2020-08-28 12:24:09,956 - spam_application - DEBUG - Обвели красным прямоугольником
2020-08-28 12:24:09,956 - spam_application - DEBUG - Нашли лицо
2020-08-28 12:24:10,539 - spam_application - DEBUG - Ищем совпадения с предоставленными лицами
2020-08-28 12:24:10,539 - spam_application - DEBUG - Нашли совпадение: Me
2020-08-28 12:24:10,539 - spam_application - DEBUG - Нашли совпадение: Me
2020-08-28 12:24:10,541 - spam_application - DEBUG - Считали кадр видео
2020-08-28 12:24:10,541 - spam_application - DEBUG - Ищем лица
2020-08-28 12:24:11,034 - spam_application - DEBUG - Обвели красным прямоугольником
2020-08-28 12:24:11,035 - spam_application - DEBUG - Нашли лицо
2020-08-28 12:24:11,624 - spam_application - DEBUG - Ищем совпадения с предоставленными лицами
2020-08-28 12:24:11,626 - spam_application - DEBUG - Считали кадр видео
2020-08-28 12:24:11,626 - spam_application - DEBUG - Ищем лица
2020-08-28 12:24:12,105 - spam_application - DEBUG - Обвели красным прямоугольником
2020-08-28 12:24:12,106 - spam_application - DEBUG - Нашли лицо
2020-08-28 12:24:12,717 - spam_application - DEBUG - Ищем совпадения с предоставленными лицами
2020-08-28 12:24:12,718 - spam_application - DEBUG - Нашли совпадение: Me
2020-08-28 12:24:12,718 - spam_application - DEBUG - Нашли совпадение: Me
2020-08-28 12:24:12,718 - spam_application - DEBUG - Нашли совпадение: Me
2020-08-28 12:24:12,718 - spam_application - DEBUG - Нашли совпадение: Me
2020-08-28 12:24:12,720 - spam_application - DEBUG - Считали кадр видео
2020-08-28 12:24:12,720 - spam_application - DEBUG - Ищем лица
2020-08-28 12:24:13,258 - spam_application - DEBUG - Обвели красным прямоугольником
2020-08-28 12:24:13,259 - spam_application - DEBUG - Нашли лицо
2020-08-28 12:24:13,872 - spam_application - DEBUG - Ищем совпадения с предоставленными лицами
2020-08-28 12:24:13,874 - spam_application - DEBUG - Считали кадр видео
2020-08-28 12:24:13,875 - spam_application - DEBUG - Ищем лица
2020-08-28 12:24:14,376 - spam_application - DEBUG - Обвели красным прямоугольником
2020-08-28 12:24:14,376 - spam_application - DEBUG - Нашли лицо
2020-08-28 12:24:14,993 - spam_application - DEBUG - Ищем совпадения с предоставленными лицами
2020-08-28 12:24:14,993 - spam_application - DEBUG - Нашли совпадение: Me
2020-08-28 12:24:14,993 - spam_application - DEBUG - Нашли совпадение: Me
2020-08-28 12:24:14,993 - spam_application - DEBUG - Нашли совпадение: Me
2020-08-28 12:24:14,994 - spam_application - DEBUG - Нашли совпадение: Me
2020-08-28 12:24:14,995 - spam_application - DEBUG - Считали кадр видео
2020-08-28 12:24:14,995 - spam_application - DEBUG - Ищем лица
2020-08-28 12:24:15,554 - spam_application - DEBUG - Обвели красным прямоугольником
2020-08-28 12:24:15,555 - spam_application - DEBUG - Нашли лицо
2020-08-28 12:24:16,488 - spam_application - DEBUG - Ищем совпадения с предоставленными лицами
2020-08-28 12:24:16,488 - spam_application - DEBUG - Нашли совпадение: Me
2020-08-28 12:24:16,489 - spam_application - DEBUG - Нашли совпадение: Me
2020-08-28 12:24:16,489 - spam_application - DEBUG - Нашли совпадение: Me
2020-08-28 12:24:16,499 - spam_application - INFO - Нажали q для выхода
2020-08-28 12:26:55,926 - spam_application - INFO - Нажали q для выхода
